<?xml version="1.0" encoding="UTF-8"?>
<!-- Generated by org.testng.reporters.JUnitReportReporter -->
<testsuite hostname="DESKTOP-D4J94E6" failures="0" tests="1" name="otherprogram_TestNG.String_TestNG" time="0.016" errors="0" timestamp="2022-07-26T21:13:17 IST" skipped="0">
  <testcase classname="otherprogram_TestNG.String_TestNG" name="array" time="0.016"/>
  <system-out>
    <![CDATA[Length of string is  : 6]]>
  </system-out>
</testsuite> <!-- otherprogram_TestNG.String_TestNG -->
