<?xml version="1.0" encoding="UTF-8"?>
<!-- Generated by org.testng.reporters.JUnitReportReporter -->
<testsuite hostname="DESKTOP-D4J94E6" failures="0" tests="6" name="testNG_keyword.Priority_study" time="0.029" errors="0" timestamp="2022-07-23T01:05:40 IST" skipped="0">
  <testcase classname="testNG_keyword.Priority_study" name="a_priority" time="0.015"/>
  <system-out>
    <![CDATA[This is a priority]]>
  </system-out>
  <testcase classname="testNG_keyword.Priority_study" name="f_priority" time="0.003"/>
  <system-out>
    <![CDATA[This is f priority]]>
  </system-out>
  <testcase classname="testNG_keyword.Priority_study" name="d_priority" time="0.002"/>
  <system-out>
    <![CDATA[This is d priority]]>
  </system-out>
  <testcase classname="testNG_keyword.Priority_study" name="c_priority" time="0.003"/>
  <system-out>
    <![CDATA[This is c priority]]>
  </system-out>
  <testcase classname="testNG_keyword.Priority_study" name="e_priority" time="0.003"/>
  <system-out>
    <![CDATA[This is e priority]]>
  </system-out>
  <testcase classname="testNG_keyword.Priority_study" name="b_priority" time="0.003"/>
  <system-out>
    <![CDATA[This is b priority]]>
  </system-out>
</testsuite> <!-- testNG_keyword.Priority_study -->
