<?xml version="1.0" encoding="UTF-8"?>
<!-- Generated by org.testng.reporters.JUnitReportReporter -->
<testsuite hostname="DESKTOP-D4J94E6" failures="0" tests="1" name="testNG_Grouping.TestNG_Group_2" time="0.002" errors="0" timestamp="2022-07-28T14:49:42 IST" skipped="0">
  <testcase classname="testNG_Grouping.TestNG_Group_2" name="e" time="0.002"/>
  <system-out>
    <![CDATA[Database analyst and tester is involved in sanity testing
In sanity testing we check Basic functionality, tab, Link, Page and GUI]]>
  </system-out>
</testsuite> <!-- testNG_Grouping.TestNG_Group_2 -->
