<?xml version="1.0" encoding="UTF-8"?>
<!-- Generated by org.testng.reporters.JUnitReportReporter -->
<testsuite hostname="DESKTOP-D4J94E6" failures="0" tests="6" name="testNG_keyword.Enabled_study" time="0.026" errors="0" timestamp="2022-07-23T01:14:44 IST" skipped="1">
  <testcase classname="testNG_keyword.Enabled_study" name="c_priority" time="0.003"/>
  <system-out>
    <![CDATA[This is c priority]]>
  </system-out>
  <testcase classname="testNG_keyword.Enabled_study" name="a_priority" time="0.013"/>
  <system-out>
    <![CDATA[This is a priority]]>
  </system-out>
  <testcase classname="testNG_keyword.Enabled_study" name="d_priority" time="0.004"/>
  <system-out>
    <![CDATA[This is d priority]]>
  </system-out>
  <testcase classname="testNG_keyword.Enabled_study" name="b_priority" time="0.004"/>
  <system-out>
    <![CDATA[This is b priority]]>
  </system-out>
  <testcase classname="testNG_keyword.Enabled_study" name="f_priority" time="0.002"/>
  <system-out>
    <![CDATA[This is f priority]]>
  </system-out>
  <testcase classname="testNG_keyword.Enabled_study" name="e_priority">
    <skipped/>
  </testcase> <!-- e_priority -->
  <system-out/>
</testsuite> <!-- testNG_keyword.Enabled_study -->
