<?xml version="1.0" encoding="UTF-8"?>
<!-- Generated by org.testng.reporters.JUnitReportReporter -->
<testsuite hostname="DESKTOP-D4J94E6" failures="0" tests="1" name="testNG_Study.TestNG_All_Annotation" time="0.010" errors="0" timestamp="2022-07-31T16:19:05 IST" skipped="0">
  <testcase classname="testNG_Study.TestNG_All_Annotation" name="Test" time="0.010"/>
  <system-out>
    <![CDATA[This is only test method]]>
  </system-out>
</testsuite> <!-- testNG_Study.TestNG_All_Annotation -->
