<?xml version="1.0" encoding="UTF-8"?>
<!-- Generated by org.testng.reporters.JUnitReportReporter -->
<testsuite hostname="DESKTOP-D4J94E6" failures="0" tests="3" name="testNG_Failed.Failed_testcases" time="0.022" errors="0" timestamp="2022-07-27T11:26:55 IST" skipped="0">
  <testcase classname="testNG_Failed.Failed_testcases" name="b" time="0.004"/>
  <system-out>
    <![CDATA[This is b]]>
  </system-out>
  <testcase classname="testNG_Failed.Failed_testcases" name="a" time="0.014"/>
  <system-out>
    <![CDATA[This is a]]>
  </system-out>
  <testcase classname="testNG_Failed.Failed_testcases" name="c" time="0.004"/>
  <system-out>
    <![CDATA[This is c]]>
  </system-out>
</testsuite> <!-- testNG_Failed.Failed_testcases -->
