<?xml version="1.0" encoding="UTF-8"?>
<!-- Generated by org.testng.reporters.JUnitReportReporter -->
<testsuite hostname="DESKTOP-D4J94E6" failures="0" tests="1" name="testNG_parallelORserial_execution.Zerodha_Execution" time="15.608" errors="0" timestamp="2022-07-27T13:27:44 IST" skipped="0">
  <testcase classname="testNG_parallelORserial_execution.Zerodha_Execution" name="f" time="15.608"/>
  <system-out/>
</testsuite> <!-- testNG_parallelORserial_execution.Zerodha_Execution -->
