<?xml version="1.0" encoding="UTF-8"?>
<!-- Generated by org.testng.reporters.JUnitReportReporter -->
<testsuite hostname="DESKTOP-D4J94E6" failures="0" tests="1" name="testNG_Failed.Failed_testcases_2" time="0.014" errors="0" timestamp="2022-07-27T11:27:10 IST" skipped="0">
  <testcase classname="testNG_Failed.Failed_testcases_2" name="e" time="0.014"/>
  <system-out>
    <![CDATA[This is e]]>
  </system-out>
</testsuite> <!-- testNG_Failed.Failed_testcases_2 -->
