<?xml version="1.0" encoding="UTF-8"?>
<!-- Generated by org.testng.reporters.JUnitReportReporter -->
<testsuite hostname="DESKTOP-D4J94E6" failures="0" tests="1" name="testNG_Study.TestNGTest_Kitelaunch" time="5.369" errors="0" timestamp="2022-07-25T16:07:07 IST" skipped="0">
  <testcase classname="testNG_Study.TestNGTest_Kitelaunch" name="launchkite" time="5.369"/>
  <system-out/>
</testsuite> <!-- testNG_Study.TestNGTest_Kitelaunch -->
