<?xml version="1.0" encoding="UTF-8"?>
<!-- Generated by org.testng.reporters.JUnitReportReporter -->
<testsuite hostname="DESKTOP-D4J94E6" failures="0" tests="1" name="testNG_XML.TestNG_XML_2" time="0.002" errors="0" timestamp="2022-07-26T12:38:14 IST" skipped="0">
  <testcase classname="testNG_XML.TestNG_XML_2" name="e" time="0.002"/>
  <system-out>
    <![CDATA[Hello my name is e]]>
  </system-out>
</testsuite> <!-- testNG_XML.TestNG_XML_2 -->
