<?xml version="1.0" encoding="UTF-8"?>
<!-- Generated by org.testng.reporters.JUnitReportReporter -->
<testsuite hostname="DESKTOP-D4J94E6" failures="0" tests="1" name="testNG_parallelORserial_execution.Serial_Execution" time="12.627" errors="0" timestamp="2022-07-27T12:53:18 IST" skipped="0">
  <testcase classname="testNG_parallelORserial_execution.Serial_Execution" name="f" time="12.627"/>
  <system-out/>
</testsuite> <!-- testNG_parallelORserial_execution.Serial_Execution -->
