<?xml version="1.0" encoding="UTF-8"?>
<!-- Generated by org.testng.reporters.JUnitReportReporter -->
<testsuite hostname="DESKTOP-D4J94E6" failures="0" tests="1" name="testNG_Assert.assert_Equal_NotEqual" time="0.017" errors="0" timestamp="2022-07-27T23:33:16 IST" skipped="0">
  <testcase classname="testNG_Assert.assert_Equal_NotEqual" name="f" time="0.017"/>
  <system-out/>
</testsuite> <!-- testNG_Assert.assert_Equal_NotEqual -->
