<?xml version="1.0" encoding="UTF-8"?>
<!-- Generated by org.testng.reporters.JUnitReportReporter -->
<testsuite hostname="DESKTOP-D4J94E6" failures="0" tests="5" name="testNG_keyword.Innvocation_count" time="0.042" errors="0" timestamp="2022-07-25T15:23:40 IST" skipped="0">
  <testcase classname="testNG_keyword.Innvocation_count" name="InnvocationcountStudy" time="0.004"/>
  <system-out>
    <![CDATA[This is Innovocation count study]]>
  </system-out>
  <testcase classname="testNG_keyword.Innvocation_count" name="InnvocationcountStudy" time="0.010"/>
  <system-out>
    <![CDATA[This is Innovocation count study]]>
  </system-out>
  <testcase classname="testNG_keyword.Innvocation_count" name="InnvocationcountStudy" time="0.002"/>
  <system-out>
    <![CDATA[This is Innovocation count study]]>
  </system-out>
  <testcase classname="testNG_keyword.Innvocation_count" name="InnvocationcountStudy" time="0.023"/>
  <system-out>
    <![CDATA[This is Innovocation count study]]>
  </system-out>
  <testcase classname="testNG_keyword.Innvocation_count" name="InnvocationcountStudy" time="0.003"/>
  <system-out>
    <![CDATA[This is Innovocation count study]]>
  </system-out>
</testsuite> <!-- testNG_keyword.Innvocation_count -->
