<?xml version="1.0" encoding="UTF-8"?>
<!-- Generated by org.testng.reporters.JUnitReportReporter -->
<testsuite hostname="DESKTOP-D4J94E6" failures="0" tests="1" name="testNG_Study.TestNG_Annotation" time="0.019" errors="0" timestamp="2022-07-22T22:55:06 IST" skipped="0">
  <testcase classname="testNG_Study.TestNG_Annotation" name="ValidateUserID" time="0.019"/>
  <system-out>
    <![CDATA[User id is validated]]>
  </system-out>
</testsuite> <!-- testNG_Study.TestNG_Annotation -->
