<?xml version="1.0" encoding="UTF-8"?>
<!-- Generated by org.testng.reporters.JUnitReportReporter -->
<testsuite hostname="DESKTOP-D4J94E6" failures="0" tests="2" name="testNG_XML.TestNG_XML_1" time="0.016" errors="0" timestamp="2022-07-26T12:38:14 IST" skipped="0">
  <testcase classname="testNG_XML.TestNG_XML_1" name="a" time="0.014"/>
  <system-out>
    <![CDATA[This is a]]>
  </system-out>
  <testcase classname="testNG_XML.TestNG_XML_1" name="b" time="0.002"/>
  <system-out>
    <![CDATA[This is b]]>
  </system-out>
</testsuite> <!-- testNG_XML.TestNG_XML_1 -->
