<?xml version="1.0" encoding="UTF-8"?>
<!-- Generated by org.testng.reporters.JUnitReportReporter -->
<testsuite hostname="DESKTOP-D4J94E6" failures="0" tests="1" name="CT_Parallel_serial.chrome_testing" time="23.911" errors="0" timestamp="2022-08-05T14:05:30 IST" skipped="0">
  <testcase classname="CT_Parallel_serial.chrome_testing" name="f" time="23.911"/>
  <system-out/>
</testsuite> <!-- CT_Parallel_serial.chrome_testing -->
