<?xml version="1.0" encoding="UTF-8"?>
<!-- Generated by org.testng.reporters.JUnitReportReporter -->
<testsuite hostname="DESKTOP-D4J94E6" failures="0" tests="6" name="testNG_keyword.Depends_On_Methods" time="11.032" errors="0" timestamp="2022-07-25T15:07:39 IST" skipped="0">
  <testcase classname="testNG_keyword.Depends_On_Methods" name="a" time="0.002"/>
  <system-out>
    <![CDATA[This is a priority]]>
  </system-out>
  <testcase classname="testNG_keyword.Depends_On_Methods" name="e" time="0.004"/>
  <system-out>
    <![CDATA[This is e priority]]>
  </system-out>
  <testcase classname="testNG_keyword.Depends_On_Methods" name="b" time="1.003"/>
  <system-out>
    <![CDATA[This is b priority]]>
  </system-out>
  <testcase classname="testNG_keyword.Depends_On_Methods" name="f" time="0.003"/>
  <system-out>
    <![CDATA[This is f priority]]>
  </system-out>
  <testcase classname="testNG_keyword.Depends_On_Methods" name="d" time="10.007"/>
  <system-out>
    <![CDATA[This is d priority]]>
  </system-out>
  <testcase classname="testNG_keyword.Depends_On_Methods" name="c" time="0.013"/>
  <system-out>
    <![CDATA[This is c priority]]>
  </system-out>
</testsuite> <!-- testNG_keyword.Depends_On_Methods -->
