<?xml version="1.0" encoding="UTF-8"?>
<!-- Generated by org.testng.reporters.JUnitReportReporter -->
<testsuite hostname="DESKTOP-D4J94E6" failures="0" tests="1" name="testNG_Study.TestNG_Annotation_with_class" time="0.014" errors="0" timestamp="2022-07-31T15:36:57 IST" skipped="0">
  <testcase classname="testNG_Study.TestNG_Annotation_with_class" name="Methods_status" time="0.014"/>
  <system-out>
    <![CDATA[This is only test method]]>
  </system-out>
</testsuite> <!-- testNG_Study.TestNG_Annotation_with_class -->
