<?xml version="1.0" encoding="UTF-8"?>
<!-- Generated by org.testng.reporters.JUnitReportReporter -->
<testsuite hostname="DESKTOP-D4J94E6" failures="0" tests="2" name="cross_Browser_Testing.Cross_Browser_testing" time="30.085" errors="0" timestamp="2022-08-05T15:08:44 IST" skipped="0">
  <testcase classname="cross_Browser_Testing.Cross_Browser_testing" name="CT" time="12.490"/>
  <system-out/>
  <testcase classname="cross_Browser_Testing.Cross_Browser_testing" name="CT" time="17.595"/>
  <system-out/>
</testsuite> <!-- cross_Browser_Testing.Cross_Browser_testing -->
