<?xml version="1.0" encoding="UTF-8"?>
<!-- Generated by org.testng.reporters.JUnitReportReporter -->
<testsuite hostname="DESKTOP-D4J94E6" failures="0" tests="8" name="testNG_keyword.Multiple_Methods" time="10.046" errors="0" timestamp="2022-07-25T15:29:48 IST" skipped="0">
  <testcase classname="testNG_keyword.Multiple_Methods" name="b" time="0.002"/>
  <system-out>
    <![CDATA[This is b priority]]>
  </system-out>
  <testcase classname="testNG_keyword.Multiple_Methods" name="b" time="0.003"/>
  <system-out>
    <![CDATA[This is b priority]]>
  </system-out>
  <testcase classname="testNG_keyword.Multiple_Methods" name="b" time="0.003"/>
  <system-out>
    <![CDATA[This is b priority]]>
  </system-out>
  <testcase classname="testNG_keyword.Multiple_Methods" name="f" time="0.005"/>
  <system-out>
    <![CDATA[This is f priority]]>
  </system-out>
  <testcase classname="testNG_keyword.Multiple_Methods" name="e" time="0.007"/>
  <system-out>
    <![CDATA[This is e priority]]>
  </system-out>
  <testcase classname="testNG_keyword.Multiple_Methods" name="a" time="0.017"/>
  <system-out>
    <![CDATA[This is a priority]]>
  </system-out>
  <testcase classname="testNG_keyword.Multiple_Methods" name="c" time="0.003"/>
  <system-out>
    <![CDATA[This is c priority]]>
  </system-out>
  <testcase classname="testNG_keyword.Multiple_Methods" name="d" time="10.006"/>
  <system-out>
    <![CDATA[This is d priority]]>
  </system-out>
</testsuite> <!-- testNG_keyword.Multiple_Methods -->
