<?xml version="1.0" encoding="UTF-8"?>
<!-- Generated by org.testng.reporters.JUnitReportReporter -->
<testsuite hostname="DESKTOP-D4J94E6" failures="0" tests="1" name="testNG_Study.TestNG_messages" time="0.026" errors="0" timestamp="2022-07-25T15:43:45 IST" skipped="0">
  <testcase classname="testNG_Study.TestNG_messages" name="messages" time="0.026"/>
  <system-out>
    <![CDATA[Hi This is TestNG class
Hello this is testNG report]]>
  </system-out>
</testsuite> <!-- testNG_Study.TestNG_messages -->
