<?xml version="1.0" encoding="UTF-8"?>
<!-- Generated by org.testng.reporters.JUnitReportReporter -->
<testsuite hostname="DESKTOP-D4J94E6" failures="0" tests="1" name="testNG_Grouping.TestNG_Group_1" time="0.013" errors="0" timestamp="2022-07-28T14:49:42 IST" skipped="0">
  <testcase classname="testNG_Grouping.TestNG_Group_1" name="b" time="0.013"/>
  <system-out>
    <![CDATA[Sanity is a zero level testing
In sanity testing we have to check basic functionality of the application]]>
  </system-out>
</testsuite> <!-- testNG_Grouping.TestNG_Group_1 -->
