<?xml version="1.0" encoding="UTF-8"?>
<!-- Generated by org.testng.reporters.JUnitReportReporter -->
<testsuite hostname="DESKTOP-D4J94E6" failures="0" tests="1" name="testNG_Study.TestNGTest" time="14.611" errors="0" timestamp="2022-07-22T12:38:52 IST" skipped="0">
  <testcase classname="testNG_Study.TestNGTest" name="launchkite" time="14.611"/>
  <system-out/>
</testsuite> <!-- testNG_Study.TestNGTest -->
