<?xml version="1.0" encoding="UTF-8"?>
<!-- Generated by org.testng.reporters.JUnitReportReporter -->
<testsuite hostname="DESKTOP-D4J94E6" failures="0" tests="3" name="otherprogram_TestNG.Child_class" time="0.021" errors="0" timestamp="2022-07-27T00:00:45 IST" skipped="0">
  <testcase classname="otherprogram_TestNG.Child_class" name="arithmatic" time="0.014"/>
  <system-out>
    <![CDATA[12 + 15 = 27]]>
  </system-out>
  <testcase classname="otherprogram_TestNG.Child_class" name="array" time="0.002"/>
  <system-out>
    <![CDATA[Length of string is  : 6]]>
  </system-out>
  <testcase classname="otherprogram_TestNG.Child_class" name="String" time="0.005"/>
  <system-out>
    <![CDATA[P
a
n
k
a
j]]>
  </system-out>
</testsuite> <!-- otherprogram_TestNG.Child_class -->
