<?xml version="1.0" encoding="UTF-8"?>
<!-- Generated by org.testng.reporters.JUnitReportReporter -->
<testsuite hostname="DESKTOP-D4J94E6" failures="0" tests="1" name="testNG_a_Testclass.Validation_page" time="5.716" errors="0" timestamp="2022-08-03T01:45:11 IST" skipped="0">
  <testcase classname="testNG_a_Testclass.Validation_page" name="f" time="5.716"/>
  <system-out>
    <![CDATA[Reading data from excel sheet
Take screenshot]]>
  </system-out>
</testsuite> <!-- testNG_a_Testclass.Validation_page -->
