<?xml version="1.0" encoding="UTF-8"?>
<!-- Generated by org.testng.reporters.JUnitReportReporter -->
<testsuite hostname="DESKTOP-D4J94E6" failures="0" tests="1" name="testNG_Combine.Final_Page" time="4.205" errors="0" timestamp="2022-07-30T17:32:19 IST" skipped="0">
  <testcase classname="testNG_Combine.Final_Page" name="FinalPageValidation" time="4.205"/>
  <system-out/>
</testsuite> <!-- testNG_Combine.Final_Page -->
