<?xml version="1.0" encoding="UTF-8"?>
<!-- Generated by org.testng.reporters.JUnitReportReporter -->
<testsuite hostname="DESKTOP-D4J94E6" failures="0" tests="1" name="testNG_Assert.AssertNull_NotNull" time="0.017" errors="0" timestamp="2022-07-28T10:47:13 IST" skipped="0">
  <testcase classname="testNG_Assert.AssertNull_NotNull" name="f" time="0.017"/>
  <system-out/>
</testsuite> <!-- testNG_Assert.AssertNull_NotNull -->
